Arguments: 
  /usr/local/bin/node /usr/local/bin/yarn dev

PATH: 
  /usr/local/bin:/usr/bin:/bin:/usr/sbin:/sbin

Yarn version: 
  1.22.17

Node version: 
  16.13.0

Platform: 
  darwin x64

Trace: 
  SyntaxError: /Users/jaeyeonkang/Desktop/codecamp_4기_강재연/class_backend/package.json: Unexpected string in JSON at position 94
      at JSON.parse (<anonymous>)
      at /usr/local/lib/node_modules/yarn/lib/cli.js:1625:59
      at Generator.next (<anonymous>)
      at step (/usr/local/lib/node_modules/yarn/lib/cli.js:310:30)
      at /usr/local/lib/node_modules/yarn/lib/cli.js:321:13

npm manifest: 
  {
    "name": "class_backend",
    "version": "1.0.0",
    "main": "index.js",
    "license": "MIT"
    "scripts": {
      "dev": "node index.js"
    }
  }

yarn manifest: 
  No manifest

Lockfile: 
  No lockfile
